<?xml version="1.0" encoding="UTF-8"?>
<!-- Generated by org.testng.reporters.JUnitReportReporter -->
<testsuite skipped="0" hostname="ATMECSINLT-084" name="com.atmecs.testscripts.HotSauce" tests="1" failures="0" timestamp="2019-11-13T16:50:55 IST" time="21.529" errors="0">
  <testcase name="home_page" time="21.529" classname="com.atmecs.testscripts.HotSauce"/>
</testsuite> <!-- com.atmecs.testscripts.HotSauce -->
