<?xml version="1.0" encoding="UTF-8"?>
<!-- Generated by org.testng.reporters.JUnitReportReporter -->
<testsuite skipped="0" hostname="ATMECSINLT-084" name="com.atmecs.testscripts.HeatClinic" tests="1" failures="0" timestamp="2019-11-15T12:08:17 IST" time="27.244" errors="0">
  <testcase name="homePage" time="27.244" classname="com.atmecs.testscripts.HeatClinic"/>
</testsuite> <!-- com.atmecs.testscripts.HeatClinic -->
