<?xml version="1.0" encoding="UTF-8"?>
<!-- Generated by org.testng.reporters.JUnitReportReporter -->
<testsuite skipped="0" hostname="ATMECSINLT-084" name="com.atmecs.testscripts.TutorialsNinjaHomePage" tests="1" failures="0" timestamp="2019-11-19T17:51:33 IST" time="23.858" errors="0">
  <testcase name="searchProduct" time="23.858" classname="com.atmecs.testscripts.TutorialsNinjaHomePage"/>
</testsuite> <!-- com.atmecs.testscripts.TutorialsNinjaHomePage -->
